<?xml version="1.0" encoding="UTF-8"?>
<!-- Generated by org.testng.reporters.JUnitReportReporter -->
<testsuite skipped="0" hostname="RAHUL-PC" name="Automation.Automation.LoginTest" tests="1" failures="0" timestamp="03 Feb 2022 12:52:12 GMT" time="91.922" errors="0">
  <testcase name="verifyXyzBank" time="91.922" classname="Automation.Automation.LoginTest"/>
</testsuite> <!-- Automation.Automation.LoginTest -->
